<?xml version="1.0" encoding="UTF-8"?>
<testsuite xmlns:xsi="http://www.w3.org/2001/XMLSchema-instance" xsi:noNamespaceSchemaLocation="https://maven.apache.org/surefire/maven-surefire-plugin/xsd/surefire-test-report-3.0.xsd" version="3.0" name="com.minispring.test.ApplicationContextTest" time="0.055" tests="1" errors="0" skipped="0" failures="0">
  <properties>
    <property name="java.specification.version" value="17"/>
    <property name="sun.cpu.isalist" value="amd64"/>
    <property name="sun.jnu.encoding" value="GBK"/>
    <property name="java.class.path" value="D:\Self-developed products\mini-spring\target\test-classes;D:\Self-developed products\mini-spring\target\classes;D:\software\repository\org\junit\jupiter\junit-jupiter-api\5.9.2\junit-jupiter-api-5.9.2.jar;D:\software\repository\org\opentest4j\opentest4j\1.2.0\opentest4j-1.2.0.jar;D:\software\repository\org\junit\platform\junit-platform-commons\1.9.2\junit-platform-commons-1.9.2.jar;D:\software\repository\org\apiguardian\apiguardian-api\1.1.2\apiguardian-api-1.1.2.jar;D:\software\repository\org\junit\jupiter\junit-jupiter-engine\5.9.2\junit-jupiter-engine-5.9.2.jar;D:\software\repository\org\junit\platform\junit-platform-engine\1.9.2\junit-platform-engine-1.9.2.jar;D:\software\repository\org\dom4j\dom4j\2.1.3\dom4j-2.1.3.jar;D:\software\repository\cglib\cglib\3.3.0\cglib-3.3.0.jar;D:\software\repository\org\ow2\asm\asm\7.1\asm-7.1.jar;D:\software\repository\org\aspectj\aspectjweaver\1.9.9.1\aspectjweaver-1.9.9.1.jar;D:\software\repository\ch\qos\logback\logback-classic\1.2.11\logback-classic-1.2.11.jar;D:\software\repository\ch\qos\logback\logback-core\1.2.11\logback-core-1.2.11.jar;D:\software\repository\org\slf4j\slf4j-api\1.7.32\slf4j-api-1.7.32.jar;"/>
    <property name="java.vm.vendor" value="Oracle Corporation"/>
    <property name="sun.arch.data.model" value="64"/>
    <property name="user.variant" value=""/>
    <property name="java.vendor.url" value="https://java.oracle.com/"/>
    <property name="user.timezone" value="Asia/Shanghai"/>
    <property name="os.name" value="Windows 10"/>
    <property name="java.vm.specification.version" value="17"/>
    <property name="sun.java.launcher" value="SUN_STANDARD"/>
    <property name="user.country" value="CN"/>
    <property name="sun.boot.library.path" value="D:\software\JDK17\bin"/>
    <property name="sun.java.command" value="C:\Users\86450\AppData\Local\Temp\surefire4091850208957429526\surefirebooter-20250406025748957_3.jar C:\Users\86450\AppData\Local\Temp\surefire4091850208957429526 2025-04-06T02-57-48_779-jvmRun1 surefire-20250406025748957_1tmp surefire_0-20250406025748957_2tmp"/>
    <property name="jdk.debug" value="release"/>
    <property name="surefire.test.class.path" value="D:\Self-developed products\mini-spring\target\test-classes;D:\Self-developed products\mini-spring\target\classes;D:\software\repository\org\junit\jupiter\junit-jupiter-api\5.9.2\junit-jupiter-api-5.9.2.jar;D:\software\repository\org\opentest4j\opentest4j\1.2.0\opentest4j-1.2.0.jar;D:\software\repository\org\junit\platform\junit-platform-commons\1.9.2\junit-platform-commons-1.9.2.jar;D:\software\repository\org\apiguardian\apiguardian-api\1.1.2\apiguardian-api-1.1.2.jar;D:\software\repository\org\junit\jupiter\junit-jupiter-engine\5.9.2\junit-jupiter-engine-5.9.2.jar;D:\software\repository\org\junit\platform\junit-platform-engine\1.9.2\junit-platform-engine-1.9.2.jar;D:\software\repository\org\dom4j\dom4j\2.1.3\dom4j-2.1.3.jar;D:\software\repository\cglib\cglib\3.3.0\cglib-3.3.0.jar;D:\software\repository\org\ow2\asm\asm\7.1\asm-7.1.jar;D:\software\repository\org\aspectj\aspectjweaver\1.9.9.1\aspectjweaver-1.9.9.1.jar;D:\software\repository\ch\qos\logback\logback-classic\1.2.11\logback-classic-1.2.11.jar;D:\software\repository\ch\qos\logback\logback-core\1.2.11\logback-core-1.2.11.jar;D:\software\repository\org\slf4j\slf4j-api\1.7.32\slf4j-api-1.7.32.jar;"/>
    <property name="sun.cpu.endian" value="little"/>
    <property name="user.home" value="C:\Users\86450"/>
    <property name="user.language" value="zh"/>
    <property name="java.specification.vendor" value="Oracle Corporation"/>
    <property name="java.version.date" value="2024-07-16"/>
    <property name="java.home" value="D:\software\JDK17"/>
    <property name="file.separator" value="\"/>
    <property name="basedir" value="D:\Self-developed products\mini-spring"/>
    <property name="java.vm.compressedOopsMode" value="Zero based"/>
    <property name="line.separator" value="&#10;"/>
    <property name="java.vm.specification.vendor" value="Oracle Corporation"/>
    <property name="java.specification.name" value="Java Platform API Specification"/>
    <property name="surefire.real.class.path" value="C:\Users\86450\AppData\Local\Temp\surefire4091850208957429526\surefirebooter-20250406025748957_3.jar"/>
    <property name="user.script" value=""/>
    <property name="sun.management.compiler" value="HotSpot 64-Bit Tiered Compilers"/>
    <property name="java.runtime.version" value="17.0.12+8-LTS-286"/>
    <property name="user.name" value="86450"/>
    <property name="path.separator" value=";"/>
    <property name="os.version" value="10.0"/>
    <property name="java.runtime.name" value="Java(TM) SE Runtime Environment"/>
    <property name="file.encoding" value="GBK"/>
    <property name="java.vm.name" value="Java HotSpot(TM) 64-Bit Server VM"/>
    <property name="localRepository" value="D:\software\repository"/>
    <property name="java.vendor.url.bug" value="https://bugreport.java.com/bugreport/"/>
    <property name="java.io.tmpdir" value="C:\Users\86450\AppData\Local\Temp\"/>
    <property name="idea.version" value="2024.2.3"/>
    <property name="java.version" value="17.0.12"/>
    <property name="user.dir" value="D:\Self-developed products\mini-spring"/>
    <property name="os.arch" value="amd64"/>
    <property name="java.vm.specification.name" value="Java Virtual Machine Specification"/>
    <property name="sun.os.patch.level" value=""/>
    <property name="native.encoding" value="GBK"/>
    <property name="java.library.path" value="D:\software\JDK17\bin;C:\windows\Sun\Java\bin;C:\windows\system32;C:\windows;D:\software\JDK17\bin;D:\heimaStudy\tools\Erlang OTP\bin;D:\heimaStudy\tools\rabbitmq_server-3.8.16\sbin;c:\Users\86450\AppData\Local\Programs\cursor\resources\app\bin;D:\maven\apache-maven-3.5.3-bin\apache-maven-3.5.3\bin;C:\Program Files\Common Files\Oracle\Java\javapath;D:\tools\VMware\bin\;D:\ORACLE\app\oracle\product\11.2.0\server\bin;C:\Program Files (x86)\Common Files\Oracle\Java\javapath;C:\Windows\system32;C:\Windows;C:\Windows\System32\Wbem;C:\Windows\System32\WindowsPowerShell\v1.0\;C:\Windows\System32\OpenSSH\;C:\Program Files (x86)\NVIDIA Corporation\PhysX\Common;C:\Program Files\NVIDIA Corporation\NVIDIA NvDLISR;D:\mysql-8.0.31-winx64\bin;D:\Git\cmd;D:\software\apache-maven-3.6.1\bin;D:\work\mysql-8.0.15-winx64\bin;D:\Redis\redis-5.0.5;C:\Program Files\Docker\Docker\resources\bin;D:\software\apache-zookeeper-3.6.4-bin\bin;D:\nodejs\;D:\software\;C:\Program Files\MySQL\MySQL Shell 8.0\bin\;D:\tools\Anaconda;D:\tools\Anaconda\Library\mingw-w64\bin;D:\tools\Anaconda\Library\usr\bin;D:\tools\Anaconda\Library\bin;D:\tools\Anaconda\Scripts;D:\python310\Scripts\;D:\pyt;D:\software\apache-tomcat-9.0.34\bin;d:\developSoftware\Trae\bin;D:\software\JDK17\bin;C:\Program Files\MySQL\MySQL Shell 8.0\bin\;D:\tools\Anaconda;D:\tools\Anaconda\Library\mingw-w64\bin;D:\tools\Anaconda\Library\usr\bin;D:\tools\Anaconda\Library\bin;D:\tools\Anaconda\Scripts;D:\python310\Scripts\;D:\python310\;C:\Users\86450\AppData\Local\Microsoft\WindowsApps;D:\BaiduNetdiskDownload\Java\IntelliJ IDEA Community Edition 2021.2.3\bin;;D:\PyCharm 2022.1.3\bin;;D:\LenovoSoftstore\Install\QQliuxidating\QQGameTempest\Hall.57986\;D:\WEBSTORM\WebStorm 2024.1.3\bin;;D:\IntelliJ IDEA 2024.2.3\bin;;D:\Goland\GoLand 2024.2.0.1\bin;;D:\software\CLion 2024.3\bin;;C:\Users\86450\AppData\Roaming\npm;D:\heimaStudy\tools\Erlang OTP\bin;D:\heimaStudy\tools\rabbitmq_server-3.13.7\sbin;C:\Users\86450\AppData\Local\Programs\cursor\resources\app\bin;."/>
    <property name="java.vm.info" value="mixed mode, sharing"/>
    <property name="java.vendor" value="Oracle Corporation"/>
    <property name="java.vm.version" value="17.0.12+8-LTS-286"/>
    <property name="sun.io.unicode.encoding" value="UnicodeLittle"/>
    <property name="maven.repo.local" value="D:\software\repository"/>
    <property name="java.class.version" value="61.0"/>
  </properties>
  <testcase name="testClassPathXmlApplicationContext" classname="com.minispring.test.ApplicationContextTest" time="0.055">
    <system-out><![CDATA[从资源 [com.minispring.core.io.ClassPathResource@4167d97b] 加载了Bean定义
创建Bean实例: testBeanWithConstructor, 构造参数: 0
开始解析构造函数: testBeanWithConstructor, 构造函数数量: 2
尝试自动装配构造函数: public com.minispring.test.bean.TestBean(java.lang.String)
解析依赖: 类型=java.lang.String, 名称=arg0
按名称获取Bean: arg0
按名称获取Bean失败: 找不到名为 'arg0' 的BeanDefinition
按类型获取Bean: java.lang.String
无法解析参数: arg0, 类型: java.lang.String
自动装配构造函数失败: 找不到类型为 'java.lang.String' 的Bean
尝试自动装配构造函数: public com.minispring.test.bean.TestBean()
成功解析构造函数参数: []
TestBean构造方法执行
将Bean[testBeanWithConstructor]提前曝光到三级缓存
BeanNameAware接口调用，beanName: testBeanWithConstructor
BeanFactoryAware接口调用，设置beanFactory
ApplicationContextAware接口调用，设置applicationContext
InitializingBean接口调用，执行afterPropertiesSet方法
执行Bean[testBeanWithConstructor]的InitializingBean接口的afterPropertiesSet方法
创建并缓存单例Bean: testBeanWithConstructor
创建Bean实例: testBeanWithLifecycle, 构造参数: 0
开始解析构造函数: testBeanWithLifecycle, 构造函数数量: 2
尝试自动装配构造函数: public com.minispring.test.bean.TestBean(java.lang.String)
解析依赖: 类型=java.lang.String, 名称=arg0
按名称获取Bean: arg0
按名称获取Bean失败: 找不到名为 'arg0' 的BeanDefinition
按类型获取Bean: java.lang.String
无法解析参数: arg0, 类型: java.lang.String
自动装配构造函数失败: 找不到类型为 'java.lang.String' 的Bean
尝试自动装配构造函数: public com.minispring.test.bean.TestBean()
成功解析构造函数参数: []
TestBean构造方法执行
将Bean[testBeanWithLifecycle]提前曝光到三级缓存
TestBean设置属性name: 生命周期Bean
BeanNameAware接口调用，beanName: testBeanWithLifecycle
BeanFactoryAware接口调用，设置beanFactory
ApplicationContextAware接口调用，设置applicationContext
InitializingBean接口调用，执行afterPropertiesSet方法
执行Bean[testBeanWithLifecycle]的InitializingBean接口的afterPropertiesSet方法
自定义初始化方法init执行
执行Bean[testBeanWithLifecycle]的自定义初始化方法：init
创建并缓存单例Bean: testBeanWithLifecycle
创建Bean实例: testService, 构造参数: 0
开始解析构造函数: testService, 构造函数数量: 1
尝试自动装配构造函数: public com.minispring.test.service.TestService()
成功解析构造函数参数: []
将Bean[testService]提前曝光到三级缓存
创建Bean实例: testBean, 构造参数: 0
开始解析构造函数: testBean, 构造函数数量: 2
尝试自动装配构造函数: public com.minispring.test.bean.TestBean(java.lang.String)
解析依赖: 类型=java.lang.String, 名称=arg0
按名称获取Bean: arg0
按名称获取Bean失败: 找不到名为 'arg0' 的BeanDefinition
按类型获取Bean: java.lang.String
无法解析参数: arg0, 类型: java.lang.String
自动装配构造函数失败: 找不到类型为 'java.lang.String' 的Bean
尝试自动装配构造函数: public com.minispring.test.bean.TestBean()
成功解析构造函数参数: []
TestBean构造方法执行
将Bean[testBean]提前曝光到三级缓存
TestBean设置属性name: 测试Bean
BeanNameAware接口调用，beanName: testBean
BeanFactoryAware接口调用，设置beanFactory
ApplicationContextAware接口调用，设置applicationContext
InitializingBean接口调用，执行afterPropertiesSet方法
执行Bean[testBean]的InitializingBean接口的afterPropertiesSet方法
创建并缓存单例Bean: testBean
创建并缓存单例Bean: testService
创建Bean实例: lifecycleBean, 构造参数: 0
开始解析构造函数: lifecycleBean, 构造函数数量: 1
尝试自动装配构造函数: public com.minispring.test.bean.LifecycleBean()
成功解析构造函数参数: []
LifecycleBean构造函数
将Bean[lifecycleBean]提前曝光到三级缓存
LifecycleBean初始化方法
执行Bean[lifecycleBean]的自定义初始化方法：init
创建并缓存单例Bean: lifecycleBean
从缓存中获取到Bean: testBean
从缓存中获取到Bean: testBean
从缓存中获取到Bean: testBean
所有Bean名称:
- prototypeBean
- testBeanWithConstructor
- testBeanWithLifecycle
- testService
- lifecycleBean
- testBean
]]></system-out>
  </testcase>
</testsuite>